sp.seu.edu.cn
zsb.seu.edu.cn
zhishan.seu.edu.cn
zz.zjedu.gov.cn
zjzz.zjedu.gov.cn
zjxq.zjedu.gov.cn
19.buaa.edu.cn
zbcg.buaa.edu.cn
www.bit.edu.cn
xww.bucea.edu.cn
job.bupt.edu.cn
byz2020.bucea.edu.cn
mail.bupt.edu.cn
yuyanziyuan.blcu.edu.cn
english.blcu.edu.cn
sasc.blcu.edu.cn
xinli.blcu.edu.cn
online.blcu.edu.cn
admission.blcu.edu.cn
mail.cnu.edu.cn
jgb.cnu.edu.cn
cwc.cnu.edu.cn
bwc.cnu.edu.cn
ca.cnu.edu.cn
tw.cnu.edu.cn
xyh.cnu.edu.cn
www.cnu.edu.cn
poetry.cnu.edu.cn
ttc.cnu.edu.cn
qweb.cnu.edu.cn
cxpt.cnu.edu.cn
english.bnu.edu.cn
aeo.uibe.edu.cn
graduate.bfsu.edu.cn
jyzd.bfsu.edu.cn
zlf.bfsu.edu.cn
zs.bisu.edu.cn
map.bfsu.edu.cn
mpacc.bisu.edu.cn
office.bwu.edu.cn
mib.bisu.edu.cn
zzb.bwu.edu.cn
sjs.bwu.edu.cn
hqglc.bwu.edu.cn
jjb.bwu.edu.cn
jjxy.bwu.edu.cn
wyxy.bwu.edu.cn
cwc.bwu.edu.cn
szb.bwu.edu.cn
awc.bwu.edu.cn
sxy.bwu.edu.cn
www.bwu.edu.cn
xcb.bwu.edu.cn
yjsb.bwu.edu.cn
zcc.bwu.edu.cn
jxpgzx.bwu.edu.cn
zs.bwu.edu.cn
lxc.bwu.edu.cn
xsc.bwu.edu.cn
wlxy.bwu.edu.cn
gh.bwu.edu.cn
global.bfsu.edu.cn
xxgk.bwu.edu.cn
tw.bwu.edu.cn
bsuaa.bsu.edu.cn
photos.bwu.edu.cn
kjc.bsu.edu.cn
xjc.bsu.edu.cn
software.bwu.edu.cn
lib.bsu.edu.cn
dj.bsu.edu.cn
dwgk.bwu.edu.cn
jjtx.bsu.edu.cn
zs.bsu.edu.cn
www.ccom.edu.cn
zhaoban.ccom.edu.cn
news.bfsu.edu.cn
i.cafa.edu.cn
design.cafa.edu.cn
jwc.bfsu.edu.cn
library.ncepu.edu.cn
iapa.cafa.edu.cn
jwc.cafa.edu.cn
fangkong.ncepu.edu.cn
news.ncepu.edu.cn
jjh.ncepu.edu.cn
mail.cupl.edu.cn
news8.cumtb.edu.cn
mzmjw.bda.edu.cn
gbw.bda.edu.cn
yywz.bda.edu.cn
yyj.bda.edu.cn
newszt.bistu.edu.cn
mh.bjczy.edu.cn
www.bitc.edu.cn
zs.bcsa.edu.cn
bm.cugb.edu.cn
tju.edu.cn
xxgkw.tju.edu.cn
yzb.tju.edu.cn
www.cauc.edu.cn
zs.tjcu.edu.cn
supram.nankai.edu.cn
stat.nankai.edu.cn
www.cup.edu.cn
alumni.cup.edu.cn
oa.cup.edu.cn
career.cup.edu.cn
library.cup.edu.cn
hrzp.cup.edu.cn
web.cup.edu.cn
news.hebust.edu.cn
jxjyxy.web.hebust.edu.cn
zsjyc.web.hebust.edu.cn
waiban.web.hebust.edu.cn
www.hebust.edu.cn
zzb.web.hebust.edu.cn
hbklg.hebust.edu.cn
www.gmtj.com
gmtj.com
career.hebut.edu.cn
hebut.edu.cn
xxgk.hebut.edu.cn
rczp.hbu.edu.cn
oice.hbu.edu.cn
hbu.edu.cn
xxgk.hbu.edu.cn
bb.hbu.edu.cn
redline.hbu.edu.cn
tuanwei.hbu.edu.cn
gjjl.bdu.edu.cn
zsxx.bdu.edu.cn
etc.cdmc.edu.cn
lvyou.cdmc.edu.cn
js.cdmc.edu.cn
jwc.nciae.edu.cn
yjsb.nciae.edu.cn
xgb1.nciae.edu.cn
xtw.nciae.edu.cn
zsjy.nciae.edu.cn
syss.nciae.edu.cn
kjc.stdu.edu.cn
vis.ysu.edu.cn
mail.ysu.edu.cn
yqfk.ysu.edu.cn
kyy.ysu.edu.cn
calis.ysu.edu.cn
old.tsc.edu.cn
tw.tsc.edu.cn
xlzxun.tsc.edu.cn
dwgk.tsc.edu.cn
gjs.tsc.edu.cn
qzlx.tsc.edu.cn
zsjyc.tsc.edu.cn
xwgk.tsc.edu.cn
zzbu.tsc.edu.cn
www.sjzc.edu.cn
sjzdd.sjzpt.edu.cn
sqxy.sjzpt.edu.cn
zlb.sjzpt.edu.cn
xqhz.sjzpt.edu.cn
jgqszn.sjzpt.edu.cn
dwywgkztw.sjzpt.edu.cn
lxyz.sjzpt.edu.cn
www.hebart.com
zsw.sjzysgz.com
zsb.tyust.edu.cn
cl.tyust.edu.cn
wy.tyust.edu.cn
ys.tyust.edu.cn
jg.tyust.edu.cn
cs.tyust.edu.cn
hxgc.tyust.edu.cn
fx.tyust.edu.cn
rsc.tyust.edu.cn
gxzx.tyust.edu.cn
da.tyust.edu.cn
xcb.tyust.edu.cn
jcxq.tyust.edu.cn
xxgk.tyust.edu.cn
yjs.tyust.edu.cn
jyzx.czc.edu.cn
kyc.czc.edu.cn
szb.czc.edu.cn
wsc.czc.edu.cn
jwc.czc.edu.cn
tsg.czc.edu.cn
gsb.tyut.edu.cn
office.tyut.edu.cn
renshi.tyut.edu.cn
www2017.tyut.edu.cn
xiaoban.sxnu.edu.cn
sxnu2020.sxnu.edu.cn
www.sxjrzyxy.com
sxjrzyxy.com
dice.imut.edu.cn
pfzt.imut.edu.cn
sdzt.imut.edu.cn
ddh11.imut.edu.cn
sjd.imut.edu.cn
djgz.imut.edu.cn
bwcxljsm.imut.edu.cn
xxgk.imut.edu.cn
zs.imnu.edu.cn
lib.imnu.edu.cn
www.sxly.com.cn
www.imaa.edu.cn
en.dlut.edu.cn
xkb.dlut.edu.cn
cityzs.dlut.edu.cn
zuzhibu.dlut.edu.cn
www.cmu.edu.cn
jxjy.syau.edu.cn
rsc.syau.edu.cn
tw.syau.edu.cn
myxy.syau.edu.cn
slxy.syau.edu.cn
nxy.syau.edu.cn
zbxy.syau.edu.cn
thxy.syau.edu.cn
jgxy.syau.edu.cn
tyb.syau.edu.cn
gcxy.syau.edu.cn
dzb.syau.edu.cn
lin.syau.edu.cn
ghc.syau.edu.cn
sjc.syau.edu.cn
rcb.syau.edu.cn
xxzx.syau.edu.cn
cbb.syau.edu.cn
www.syau.edu.cn
hqc.syau.edu.cn
lib.syau.edu.cn
yy.syau.edu.cn
zxx.syau.edu.cn
shpg.syau.edu.cn
lib.ustl.edu.cn
www1.ustl.edu.cn
xinwen.lnnu.edu.cn
my.lnnu.edu.cn
shijiuda.lnnu.edu.cn
sxzz.lnnu.edu.cn
alumni.lnnu.edu.cn
webmail.lnnu.edu.cn
xkc.dlu.edu.cn
bkpg.lnnu.edu.cn
rsc.dlu.edu.cn
jjh.lnnu.edu.cn
cjxy.dlu.edu.cn
jwc1.dlu.edu.cn
gjjl.dlu.edu.cn
keji.dlu.edu.cn
www.ustl.edu.cn
xxgk.dlu.edu.cn
www.dlu.edu.cn
dlu.edu.cn
shpg.dlu.edu.cn
geoip.neu.edu.cn
english.neu.edu.cn
vpn.dufe.edu.cn
oa.dufe.edu.cn
mail.dufe.edu.cn
www.lnit.edu.cn
news.dlufl.edu.cn
hr.dlufl.edu.cn
xxgk.dlufl.edu.cn
jiaowu.dlufl.edu.cn
dwedf.dlufl.edu.cn
web.dlufl.edu.cn
cas.dlufl.edu.cn
app.neusoft.edu.cn
news.neusoft.edu.cn
tour.neusoft.edu.cn
zs.neusoft.edu.cn
ee.neusoft.edu.cn
xlzx.ggxy.com
sz.ggxy.com
www.vtcsy.com
dltcedu.org
xb.cust.edu.cn
lx.cust.edu.cn
ems.cust.edu.cn
wx.cust.edu.cn
sjd.cust.edu.cn
jlu.edu.cn
cgglzx.jlu.edu.cn
kjkfzx.jlu.edu.cn
ys.lnqg.com.cn
www1.ccucm.edu.cn
cxcy.ccucm.edu.cn
ffffjz.ccucm.edu.cn
news.ccucm.edu.cn
lyb.ccucm.edu.cn
exmail.qq.com
zs.jlai.edu.cn
jwjy.caii.edu.cn
xxgk.caii.edu.cn
gzkz.caii.edu.cn
hi.hlju.edu.cn
bwg.hlju.edu.cn
crjy.hlju.edu.cn
zrkx.hlju.edu.cn
lnxdfwxy.com
dwxcb.hrbeu.edu.cn
news.hrbeu.edu.cn
unit.hrbeu.edu.cn
fao.hrbeu.edu.cn
nic.hrbeu.edu.cn
heucice.hrbeu.edu.cn
heucfe.hrbeu.edu.cn
hr.hrbeu.edu.cn
archives.hrbeu.edu.cn
lamd.hrbeu.edu.cn
egovlab.hrbeu.edu.cn
etc.hrbeu.edu.cn
uae.hrbeu.edu.cn
heucec.hrbeu.edu.cn
sec.hrbeu.edu.cn
software.hrbeu.edu.cn
sem.hrbeu.edu.cn
cnst.hrbeu.edu.cn
pt.hrbeu.edu.cn
tel.hrbeu.edu.cn
sizhengbu.hrbeu.edu.cn
czkyzc.hrbeu.edu.cn
xsh.hrbeu.edu.cn
homepage.hrbeu.edu.cn
rmfx.hrbeu.edu.cn
xxgcx.qqhrit.com
jzgcx.qqhrit.com
jkyhlx.qqhrit.com
qqhrit.com
jwcwz.qqhrit.com
xzzl.qqhrit.com
yxyjs.qqhrit.com
zysyjy.qqhrit.com
mail.sgcc.com.cn
kjc.ecust.edu.cn
nttc.ecust.edu.cn
shmtu.edu.cn
bwg.shou.edu.cn
hqc.shou.edu.cn
lxyz.shou.edu.cn
sjd.shou.edu.cn
jxpg.shou.edu.cn
tyb.shou.edu.cn
ien.shou.edu.cn
ejob.dhu.edu.cn
www.fudan.edu.cn
mail.fudan.edu.cn
fudan.edu.cn
ztwz.lixin.edu.cn
en.lixin.edu.cn
shpg.lixin.edu.cn
yfzx.lixin.edu.cn
fkfy.lixin.edu.cn
en.sues.edu.cn
jwc.sues.edu.cn
lib.sues.edu.cn
ge.sues.edu.cn
cie.sues.edu.cn
fz.sues.edu.cn
qjs.lixin.edu.cn
news.sues.edu.cn
www.sues.edu.cn
xiaoqing.sues.edu.cn
mail.suibe.edu.cn
kjc.shutcm.edu.cn
yjsy.shutcm.edu.cn
jxjy.shutcm.edu.cn
it.shutcm.edu.cn
cxy.shutcm.edu.cn
dwgk.shutcm.edu.cn
spst.shanghaitech.edu.cn
ge.shanghaitech.edu.cn
jwc.shutcm.edu.cn
ims.shanghaitech.edu.cn
iec.shutcm.edu.cn
www.shutcm.edu.cn
sem.shanghaitech.edu.cn
hr.shanghaitech.edu.cn
wmzx.shutcm.edu.cn
oaa.shanghaitech.edu.cn
uco.shanghaitech.edu.cn
waiyu.usst.edu.cn
openinfo.shanghaitech.edu.cn
life.shanghaitech.edu.cn
www.usst.edu.cn
map.shanghaitech.edu.cn
bs.usst.edu.cn
jwc.usst.edu.cn
sea.usst.edu.cn
ccad.usst.edu.cn
xtcx.usst.edu.cn
jszy.usst.edu.cn
thz.usst.edu.cn
rc.usst.edu.cn
fxl.usst.edu.cn
yjsgzb.usst.edu.cn
isoe.usst.edu.cn
cz.usst.edu.cn
xyh.sdju.edu.cn
hr.sdju.edu.cn
alumni.usst.edu.cn
xq.sdju.edu.cn
zhaosheng.sdju.edu.cn
yjs.sdju.edu.cn
chengjiao.sdju.edu.cn
zwgk.sdju.edu.cn
news.sdju.edu.cn
www.ecnu.edu.cn
oa.sdju.edu.cn
yjspy.sdju.edu.cn
www.sole.ecnu.edu.cn
portal1.ecnu.edu.cn
news.ecnu.edu.cn
mail.stu.ecnu.edu.cn
aa.gench.edu.cn
jxjy.gench.edu.cn
sxy.gench.edu.cn
jdxy.gench.edu.cn
gzxy.gench.edu.cn
mksxy.gench.edu.cn
dwgk.gench.edu.cn
ygty.gench.edu.cn
youth.xdsisu.edu.cn
jyjx.xdsisu.edu.cn
xg.xdsisu.edu.cn
tsg.xdsisu.edu.cn
jcb.xdsisu.edu.cn
info.xdsisu.edu.cn
career.sandau.edu.cn
jwyy.sspu.edu.cn
www.aurora-college.cn
jgxy.esu.edu.cn
hk.esu.edu.cn
dwgk.shcmusic.edu.cn
jcb.esu.edu.cn
www.shafc.edu.cn
www.shcmusic.edu.cn
zsxx.shafc.edu.cn
snb.shafc.edu.cn
wmzx.shafc.edu.cn
ddh.shafc.edu.cn
dbyb.shafc.edu.cn
rsc.sicfl.edu.cn
zs.sicfl.edu.cn
www.sicfl.edu.cn
tw.sicfl.edu.cn
xl.sicfl.edu.cn
gjjl.sicfl.edu.cn
gh.sicfl.edu.cn
yyxy.sicfl.edu.cn
dsw.sicfl.edu.cn
wf.sicfl.edu.cn
art.sicfl.edu.cn
eur.sicfl.edu.cn
dfxy.sicfl.edu.cn
jd.sicfl.edu.cn
yy.sicfl.edu.cn
mail.shufe.edu.cn
www.sicfl.edu.cn
waiyuan.njfu.edu.cn
science.njfu.edu.cn
jidian.njfu.edu.cn
ctld.njfu.edu.cn
lkkf.njfu.edu.cn
gczx.njfu.edu.cn
renwen.njfu.edu.cn
tumu.njfu.edu.cn
ghc.njfu.edu.cn
chuangye.njfu.edu.cn
sc.njfu.edu.cn
fgxk.njfu.edu.cn
wsxsg.njfu.edu.cn
xgc.shcac.edu.cn
kgx.shcac.edu.cn
zzx.shcac.edu.cn
jxjy.shcac.edu.cn
xb.njau.edu.cn
dangan.njau.edu.cn
xxgk.njau.edu.cn
jcc.njau.edu.cn
cos.njau.edu.cn
ai.njau.edu.cn
rsrcw.njau.edu.cn
coie.njau.edu.cn
xnb.njau.edu.cn
foreign.njau.edu.cn
news.ntu.edu.cn
zsxx.njau.edu.cn
xxgk.ntu.edu.cn
www.ycit.cn
xsc.suda.edu.cn
fzb.suda.edu.cn
english.jiangnan.edu.cn
www.jiangnan.edu.cn
news.jiangnan.edu.cn
zsjyc.jiangnan.edu.cn
postd.sjtu.edu.cn
www.ujs.edu.cn
eng.ujs.edu.cn
rsc.ujs.edu.cn
mpacc.ujs.edu.cn
jwc.ujs.edu.cn
yjsy.ujs.edu.cn
mba.ujs.edu.cn
kjc.ujs.edu.cn
jszy.ujs.edu.cn
zzs.ujs.edu.cn
jiangfan.ujs.edu.cn
xsg.ujs.edu.cn
zhinongainong.ujs.edu.cn
mail.ujs.edu.cn
hqc.ujs.edu.cn
xyh.ujs.edu.cn
jsuedf.ujs.edu.cn
xnxx.ujs.edu.cn
sqyr.ujs.edu.cn
faculty.ujs.edu.cn
yx.ujs.edu.cn
xinli.ujs.edu.cn
oa1.ujs.edu.cn
news.cczu.edu.cn
en.nuist.edu.cn
q.nuist.edu.cn
archives.nuist.edu.cn
gjy.nuist.edu.cn
my.nuist.edu.cn
news.nuist.edu.cn
lic.cpu.edu.cn
zb.cpu.edu.cn
cgzx.cpu.edu.cn
jw.nju.edu.cn
xxgk.cpu.edu.cn
en.cpu.edu.cn
ces.nju.edu.cn
scit.nju.edu.cn
skch.nju.edu.cn
njuedf.nju.edu.cn
wb.nju.edu.cn
hr.nju.edu.cn
gh.nju.edu.cn
grawww.nju.edu.cn
rsc.just.edu.cn
mail.nju.edu.cn
jwc.just.edu.cn
yjsb.just.edu.cn
zbb.just.edu.cn
cjy.just.edu.cn
zs.just.edu.cn
gjjl.just.edu.cn
gzzd.just.edu.cn
mail.smail.nju.edu.cn
2019-nCoV.just.edu.cn
cybersecu.just.edu.cn
en.just.edu.cn
qks.just.edu.cn
mail.nuaa.edu.cn
zs.nuaa.edu.cn
dag.nuaa.edu.cn
alumni.nuaa.edu.cn
msc.nuaa.edu.cn
cca.nuaa.edu.cn
www.nuaa.edu.cn
jjlxq.nuaa.edu.cn
tmhxq.nuaa.edu.cn
cs.nuaa.edu.cn
changkong.nuaa.edu.cn
nhmy.nuaa.edu.cn
news.czu.cn
xxgk.czu.cn
zsw.jlxy.nju.edu.cn
tres.nju.edu.cn
njit.edu.cn
xb.njit.edu.cn
fhc.njit.edu.cn
grad.njit.edu.cn
xinghuo.njit.edu.cn
ddh3.njit.edu.cn
zzb.njts.edu.cn
xgc.njts.edu.cn
kfkx.njts.edu.cn
bses.njts.edu.cn
marxism.njts.edu.cn
cadd.njts.edu.cn
cicm.njts.edu.cn
ise.njts.edu.cn
museum.njts.edu.cn
tsbjb.njts.edu.cn
my.njts.edu.cn
ecard.njts.edu.cn
jwc.jit.edu.cn
kjc.jit.edu.cn
niit.edu.cn
english.niit.edu.cn
cce.jssvc.edu.cn
zhaosheng.jssvc.edu.cn
szmemveg.jssvc.edu.cn
zyk.jssvc.edu.cn
jpkc.cztgi.edu.cn
zs.cztgi.edu.cn
www.wxic.edu.cn
wxic.edu.cn
qgsmzjjt.wxic.edu.cn
mail.cztgi.edu.cn
jwcx.czie.edu.cn
jpkc.czie.edu.cn
www.njcit.cn
www.wxgyxy.cn
zwc.dyc.edu.cn
xxjsx.dyc.edu.cn
jdx.dyc.edu.cn
jzyys.dyc.edu.cn
rsc.dyc.edu.cn
dj.dyc.edu.cn
ggk.dyc.edu.cn
jwc.dyc.edu.cn
oa.zjut.edu.cn
info.zjut.edu.cn
ugrs.zju.edu.cn
zdzsc.zju.edu.cn
libweb.zju.edu.cn
rwsk.zju.edu.cn
map.wmu.edu.cn
hzbx.wmu.edu.cn
zwgk.wmu.edu.cn
xyw.wmu.edu.cn
www.wmu.edu.cn
rjxy.wmu.edu.cn
jjxy.wmu.edu.cn
zhaosheng.wmu.edu.cn
job.wmu.edu.cn
ihee.wmu.edu.cn
ky.wmu.edu.cn
lib.wmu.edu.cn
yjsy.wmu.edu.cn
jyjjh.wmu.edu.cn
rsc.wmu.edu.cn
jcyx.wmu.edu.cn
jwc.wmu.edu.cn
iwater.wmu.edu.cn
kysyzx.wmu.edu.cn
lcjnzx.wmu.edu.cn
wmcfc.wmu.edu.cn
sydwzx.wmu.edu.cn
jcyxy.wmu.edu.cn
wgxy.wmu.edu.cn
jsxy.wmu.edu.cn
xy.zjou.edu.cn
zs.zjou.edu.cn
tky.wmu.edu.cn
bkzs.hznu.edu.cn
ddh.hznu.edu.cn
rwskc.hznu.edu.cn
gradadmission.zstu.edu.cn
lib.zstu.edu.cn
english.zstu.edu.cn
xuebao.zstu.edu.cn
www.zstu.edu.cn
jyb.zstu.edu.cn
nic.zstu.edu.cn
tygl.zstu.edu.cn
fzzx.zstu.edu.cn
cmt.zstu.edu.cn
mse.zstu.edu.cn
mechanical.zstu.edu.cn
cy.zstu.edu.cn
guoji.zstu.edu.cn
sky.zstu.edu.cn
bwc.zstu.edu.cn
mc.zstu.edu.cn
fzgh.zstu.edu.cn
news.usx.edu.cn
www.usx.edu.cn
en.zyufl.edu.cn
cie.zyufl.edu.cn
youth.zyufl.edu.cn
www.zyufl.edu.cn
student.zyufl.edu.cn
kcsz.usx.edu.cn
en.zust.edu.cn
yzw.zust.edu.cn
mail.zust.edu.cn
zust.edu.cn
aa.zust.edu.cn
yjs.zust.edu.cn
cjxy.zust.edu.cn
xxgk.zust.edu.cn
zs.cjlu.edu.cn
kjc.cjlu.edu.cn
jyb.cjlu.edu.cn
fgc.cjlu.edu.cn
yxq.zjsru.edu.cn
40.cjlu.edu.cn
www.ypc.edu.cn
www.hdu.edu.cn
sdxb.zjsru.edu.cn
hq.hdu.edu.cn
ehall.zjnu.edu.cn
xb.zjnu.edu.cn
zzb.zjnu.edu.cn
jwc.zjnu.edu.cn
xsc.zjnu.edu.cn
rsc.zjnu.edu.cn
career.zjnu.edu.cn
cgzx.zjnu.edu.cn
ggc.zjnu.edu.cn
wenke.zjnu.edu.cn
yjjt.zjnu.edu.cn
lic.zjnu.edu.cn
hqjt.zjnu.edu.cn
hys.zjnu.edu.cn
cci.zjnu.edu.cn
iice.zjnu.edu.cn
xxgk.zjnu.edu.cn
aeq.zjnu.edu.cn
glxy.zjhzcc.edu.cn
freshman.zjnu.edu.cn
jcjyb.zjhzcc.edu.cn
kyb.zjhzcc.edu.cn
www.zjhzcc.edu.cn
xgw.zjhzcc.edu.cn
sy.zjhzcc.edu.cn
rw.zufedfc.edu.cn
cyxy.zufedfc.edu.cn
rlzyb.zufedfc.edu.cn
cs.zufedfc.edu.cn
gs.zufedfc.edu.cn
zsbm.zjjcxy.cn
email.nbu.edu.cn
news.nbu.edu.cn
xyw.zufe.edu.cn
720xsg.zufe.edu.cn
gs.zufe.edu.cn
hq.zufe.edu.cn
tsjy.zufe.edu.cn
kyc.zufe.edu.cn
ddh.zufe.edu.cn
newoa.wmu.edu.cn
zhsj.nbcc.cn
zsw.hutc.zj.cn
yxy.hutc.zj.cn
qzxy.hutc.zj.cn
zsw.zjjy.net
yylm.wzvtc.cn
raxy.wzvtc.cn
jkc.wzvtc.cn
xb.wzvtc.cn
jwc.wzvtc.cn
cs.wzvtc.cn
acc.wzvtc.cn
zs.wzvtc.cn
xsc.hzvtc.net.cn
english.hzvtc.net.cn
kcw.lszjy.com
zsw.lszjy.com
id.lszjy.com
sxvtc.com
xxgc.sxvtc.com
hlxy.sxvtc.com
www.lszjy.com
flsxy.sxvtc.com
lib.sxvtc.com
www.lszjy.com
www.lszjy.com
www.lszjy.com
www.lszjy.com
www.lszjy.com
cxc.hzvtc.edu.cn
jjy.hzvtc.edu.cn
nw.hzvtc.edu.cn
rsc.hzvtc.edu.cn
qnqc.hzvtc.edu.cn
chy.hzvtc.edu.cn
noa.zime.edu.cn
it.zime.edu.cn
www.qzct.net
jwc.qzct.net
jxjyxy.qzct.net
ghc.jhc.cn
cjxy.jhc.cn
rz.jhc.cn
yxy.jhc.cn
xqhz.jhc.cn
twxxzx.jhc.cn
tw.jhc.cn
hq.jhc.cn
cgzx.jhc.cn
xsc.sxvtc.com
jxjy.ahut.edu.cn
mba.ahut.edu.cn
kyc.ahut.edu.cn
gczx.ahut.edu.cn
jwc.zjpc.net.cn
wku.edu.cn
xtw.zjpc.net.cn
zhfw.jhc.cn
ehall.zjpc.net.cn
lswhw.ustc.edu.cn
djyszw.ustc.edu.cn
en.ustc.edu.cn
fgy.ustc.edu.cn
bwcx.ustc.edu.cn
hr.ustc.edu.cn
jwc.ahpu.edu.cn
xcb.ahpu.edu.cn
rsc.ahpu.edu.cn
clkx.ahpu.edu.cn
kyc.chzu.edu.cn
wmcjw.chzu.edu.cn
lib.chzu.edu.cn
mail.chzu.edu.cn
job.chzu.edu.cn
www.hsu.edu.cn
rsc.hsu.edu.cn
hzbx.hsu.edu.cn
www.chzu.edu.cn
www.ahstu.edu.cn
csci.chzu.edu.cn
www.hfuu.edu.cn
jwc.chzu.edu.cn
www.tlu.edu.cn
mail.tlu.edu.cn
old.ahstu.edu.cn
www2.ahstu.edu.cn
mail.bbmc.edu.cn
mail.czu.edu.cn
tsg.czu.edu.cn
jycy.czu.edu.cn
www.ahnu.edu.cn
broadcast.ahnu.edu.cn
wjjjx.ahnu.edu.cn
wjdzx.ahnu.edu.cn
wjtyx.ahnu.edu.cn
wjcwc.ahnu.edu.cn
wjsyzx.ahnu.edu.cn
cce.ahnu.edu.cn
kyc.ahnu.edu.cn
wjhxx.ahnu.edu.cn
zsjy.ahnu.edu.cn
bsh.ahnu.edu.cn
career.ahnu.edu.cn
kebiao.ahnu.edu.cn
shhzc.ahnu.edu.cn
asdfy.ahnu.edu.cn
ino.ahnu.edu.cn
ahnuxyb.ahnu.edu.cn
www.zjbti.net.cn
yjs.wnmc.edu.cn
cjy.wnmc.edu.cn
ehall.abc.edu.cn
kygl.abc.edu.cn
rsc.wnmc.edu.cn
xy.aufe.edu.cn
cj.aufe.edu.cn
zsjyc.aufe.edu.cn
acwhw.aufe.edu.cn
xxgk2019.aufe.edu.cn
gh.aufe.edu.cn
txzx.aufe.edu.cn
ddhzt.aufe.edu.cn
yjs.ahau.edu.cn
xb.ahau.edu.cn
yyxy.ahau.edu.cn
ahauplant.ahau.edu.cn
marx.ahau.edu.cn
tyb.ahau.edu.cn
jw.ahau.edu.cn
xnc.ahau.edu.cn
zhxy.ahau.edu.cn
bwc.ahau.edu.cn
computer.ahau.edu.cn
anqn.ahau.edu.cn
tealab.ahau.edu.cn
wgy.ahau.edu.cn
aistead.ahau.edu.cn
sjc.ahau.edu.cn
bmec.ahau.edu.cn
www.ahau.edu.cn
gh.ahau.edu.cn
mc.ahau.edu.cn
crop.ahau.edu.cn
xslt.ahau.edu.cn
maize.ahau.edu.cn
lib.ahau.edu.cn
www.ahdy.edu.cn
www.wbc.edu.cn
www.hnnu.edu.cn
tv.amtc.cn
jxjy.ojc.zj.cn
english.jmu.edu.cn
kyc.jmu.edu.cn
rsc.jmu.edu.cn
net.jmu.edu.cn
www.jmu.edu.cn
oec.jmu.edu.cn
psy.jmu.edu.cn
lib.jmu.edu.cn
99.jmu.edu.cn
xwgk.jmu.edu.cn
xiaoban.jmu.edu.cn
xcb.fafu.edu.cn
kjsk.mnnu.edu.cn
hyy.mnnu.edu.cn
card.fafu.edu.cn
yjsc.mnnu.edu.cn
zsb.mnnu.edu.cn
oes.mnnu.edu.cn
jycy.mnnu.edu.cn
xsc.mnnu.edu.cn
www.mnnu.edu.cn
xyh.mnnu.edu.cn
tw.mnnu.edu.cn
xlzx.mnnu.edu.cn
zbzx.mnnu.edu.cn
cw.mnnu.edu.cn
zsks.fzu.edu.cn
fzu.edu.cn
mail.fzu.edu.cn
www.fzu.edu.cn
zsb.hxxy.edu.cn
ksg.hxxy.edu.cn
hjjk.hxxy.edu.cn
jxjy.hxxy.edu.cn
jiuye.hxxy.edu.cn
xsc.hxxy.edu.cn
tsg.hxxy.edu.cn
cxcy.hxxy.edu.cn
tiyu.hxxy.edu.cn
yyjs.hxxy.edu.cn
jzy.hxxy.edu.cn
jzg.hxxy.edu.cn
cyjwb.jmu.edu.cn
xsc.jmu.edu.cn
yjsy.fjtcm.edu.cn
jxcg.fjtcm.edu.cn
rs.fjtcm.edu.cn
kyc.fjtcm.edu.cn
zz.fjtcm.edu.cn
aimfj.fjtcm.edu.cn
xxgk.fjtcm.edu.cn
zsb.xmut.edu.cn
english.xmut.edu.cn
jwc.xmut.edu.cn
pgc.xmut.edu.cn
cj.xmut.edu.cn
tw.xmut.edu.cn
cw.xmut.edu.cn
ky.xmut.edu.cn
eea.xmut.edu.cn
cs.xmut.edu.cn
dee.xmut.edu.cn
yysx.xmut.edu.cn
fld.xmut.edu.cn
szb.xmut.edu.cn
cis.xmut.edu.cn
ty.xmut.edu.cn
yb.xmut.edu.cn
xsc.xmut.edu.cn
jijian.xmut.edu.cn
iep.xmut.edu.cn
en.fjmu.edu.cn
xyw.fjmu.edu.cn
xxgk.fjmu.edu.cn
fjmu.edu.cn
bwc.mastc.edu.cn
bgs.mastc.edu.cn
xsc.mastc.edu.cn
gh.mastc.edu.cn
tw.mastc.edu.cn
wyx.mastc.edu.cn
szb.mastc.edu.cn
xljk.mastc.edu.cn
www.mastc.edu.cn
bms.fjmu.edu.cn
www.xmu.edu.cn
rwxy.fjjxu.edu.cn
jxjy.fjjxu.edu.cn
gsxy.fjjxu.edu.cn
zsb.fjjxu.edu.cn
zcglc.fjjxu.edu.cn
fjjxu.edu.cn
xyh.fjjxu.edu.cn
lib.fjjxu.edu.cn
rsc.fjjxu.edu.cn
gs.xmu.edu.cn
xsc.xmu.edu.cn
std.xmu.edu.cn
edf.xmu.edu.cn
oec.xmu.edu.cn
yjsh.xmu.edu.cn
slh.xmu.edu.cn
news.xmu.edu.cn
liuxue.xmu.edu.cn
library.xmu.edu.cn
jgxy.xmu.edu.cn
www.fjnu.edu.cn
www.fjlzy.com
www.ncu.edu.cn
zjc.ncu.edu.cn
jwc.ncu.edu.cn
yjsy.ncu.edu.cn
rsc.ncu.edu.cn
100.ncu.edu.cn
www.zzlg.org
www.jxutcm.edu.cn
yjsy.jxutcm.edu.cn
jwc.jxutcm.edu.cn
jxjy.jxutcm.edu.cn
kshpt.jxutcm.edu.cn
xkb.jxutcm.edu.cn
zjc.jxutcm.edu.cn
zyywhxc.jxutcm.edu.cn
en.jxutcm.edu.cn
zhzy.nchu.edu.cn
ltxc.nchu.edu.cn
kjc.nchu.edu.cn
sjc.nchu.edu.cn
jwc.nchu.edu.cn
hkzzgc.nchu.edu.cn
sie.nchu.edu.cn
mse.nchu.edu.cn
art.nchu.edu.cn
fxq.nchu.edu.cn
tujian.nchu.edu.cn
mkszyxy.nchu.edu.cn
jsaa.nchu.edu.cn
iciri.nchu.edu.cn
ligroup.nchu.edu.cn
zhjz.nchu.edu.cn
gjxy.nchu.edu.cn
music.nchu.edu.cn
yiyuan.nchu.edu.cn
ndt.nchu.edu.cn
web.nchu.edu.cn
zcgs.nchu.edu.cn
nchu.edu.cn
mail.nchu.edu.cn
jxnu.edu.cn
international.jxnu.edu.cn
zs.jxnu.edu.cn
dag.jxnu.edu.cn
tsg.jxnu.edu.cn
emd.jxut.edu.cn
tmxy.jxut.edu.cn
art.jxut.edu.cn
cjxy.jxut.edu.cn
jjy.jxut.edu.cn
jw.nit.edu.cn
kjy.nit.edu.cn
youth.nit.edu.cn
international.nit.edu.cn
ljsm.nit.edu.cn
xsgzc.nit.edu.cn
zjc.jju.edu.cn
jwc.jju.edu.cn
lib.jju.edu.cn
xyy.jju.edu.cn
zhjw1.jju.edu.cn
lxjt.jju.edu.cn
jjxy.jju.edu.cn
www.jju.edu.cn
jjuitc.jju.edu.cn
www2.jju.edu.cn
lib.jxufe.edu.cn
view.jxufe.edu.cn
oa.jxufe.edu.cn
www.jgsu.edu.cn
xiaoyou.jgsu.edu.cn
webvpn.jxvc.jx.cn
www.fzgh.sdu.edu.cn
www.xxgk.sdu.edu.cn
www.wh.sdu.edu.cn
www.job.sdu.edu.cn
www.ouc.edu.cn
wzb.ouc.edu.cn
jxjy.ouc.edu.cn
sie.ouc.edu.cn
sdu.edu.cn
jjh.ouc.edu.cn
dxb.ouc.edu.cn
mail.ouc.edu.cn
jxjw.sdns.wljy.sdu.edu.cn
en.sdust.edu.cn
ta.sdust.edu.cn
jnxq.sdust.edu.cn
iair.ujn.edu.cn
www.ujn.edu.cn
xkc.ujn.edu.cn
career.upc.edu.cn
jwc.bzmc.edu.cn
yjsc.bzmc.edu.cn
kyc.bzmc.edu.cn
www.sdutcm.edu.cn
xxgk.sdutcm.edu.cn
yjs.sdutcm.edu.cn
kycxtd.sdutcm.edu.cn
sdzz.sdutcm.edu.cn
xcb.sdutcm.edu.cn
bwcx.sdutcm.edu.cn
library.lyu.edu.cn
sjcj.sdjzu.edu.cn
mail.lyu.edu.cn
zsb.sdjzu.edu.cn
www.sdjzu.edu.cn
mail.wfmc.edu.cn
sso.lcu.edu.cn
jxjy.jnxy.edu.cn
xxgk.jnxy.edu.cn
zs.jnxy.edu.cn
www.jnxy.edu.cn
bwcx.jnxy.edu.cn
xiaoyou.qfnu.edu.cn
tw.qfnu.edu.cn
gjhz.qfnu.edu.cn
yjs.qfnu.edu.cn
jy.qfnu.edu.cn
rsc.qfnu.edu.cn
fgzy.qfnu.edu.cn
gnhzc.qfnu.edu.cn
xxgk.qfnu.edu.cn
yywz.qfnu.edu.cn
office.qfnu.edu.cn
kyc.wfu.edu.cn
jxjy.wfu.edu.cn
xsc.wfu.edu.cn
tw.wfu.edu.cn
fwdf.wfu.edu.cn
nic.wfu.edu.cn
www.sdwu.edu.cn
ztjy.sdwu.edu.cn
mail.sdufe.edu.cn
topic.sdufe.edu.cn
dscddh.sdjtu.edu.cn
xkyyjsc.sdjtu.edu.cn
stuwork.sdjtu.edu.cn
jyqn.sdjtu.edu.cn
whxq.sdjtu.edu.cn
jwc.sdjtu.edu.cn
xljk.sdjtu.edu.cn
whjszhb.sdjtu.edu.cn
sjd.sdjtu.edu.cn
wmxy.sdjtu.edu.cn
eytf.sdjtu.edu.cn
bwcx.sdjtu.edu.cn
jwc.sdmu.edu.cn
zs.sdmu.edu.cn
xsc.sdmu.edu.cn
gsxy.sdmu.edu.cn
kyc.sdmu.edu.cn
rwxy.sdmu.edu.cn
marx.sdmu.edu.cn
jjs.sdmu.edu.cn
wenmingchuangjian.sdlvtc.cn
tsg.sdlvtc.cn
news.sdlvtc.cn
zsb.sdyu.edu.cn
jw.sdyu.edu.cn
xcb.sdyu.edu.cn
rsc.sdyu.edu.cn
kyc.sdyu.edu.cn
cwc.sdyu.edu.cn
jwc.sdyu.edu.cn
gh.sdyu.edu.cn
wdxy.sdyu.edu.cn
wyxy.sdyu.edu.cn
xb.sdyu.edu.cn
zgxy.sdyu.edu.cn
xxgk.sdupsl.edu.cn
sydsz.sdupsl.edu.cn
www5.ncwu.edu.cn
jd.haust.edu.cn
cl.haust.edu.cn
postdoctor.haust.edu.cn
hr.haust.edu.cn
gj.haust.edu.cn
zhaosheng.haust.edu.cn
tw.haust.edu.cn
xdjy.haust.edu.cn
dcdb.haust.edu.cn
zbcg.haust.edu.cn
xsc.haust.edu.cn
hactcm.edu.cn
mail.hactcm.edu.cn
tj.haut.edu.cn
aidata.haut.edu.cn
computer.haut.edu.cn
swxy.haut.edu.cn
hjgc.haut.edu.cn
xwxy.haut.edu.cn
jdxy.haut.edu.cn
pe.haut.edu.cn
zy.haut.edu.cn
mse.haut.edu.cn
tzb.haut.edu.cn
sfl.haut.edu.cn
jw.haut.edu.cn
jwc.haut.edu.cn
gradstu.haut.edu.cn
xgb.haut.edu.cn
rsc.haut.edu.cn
kjc.haut.edu.cn
zs.haut.edu.cn
ztbb.haut.edu.cn
lab.haut.edu.cn
bwc.haut.edu.cn
hqglc.haut.edu.cn
cyc.haut.edu.cn
gssci.haut.edu.cn
youth.haut.edu.cn
mba.haut.edu.cn
xb.haut.edu.cn
cgm.haut.edu.cn
portal.haut.edu.cn
zsxx.hist.edu.cn
weizhi.huanghuai.edu.cn
ytetc.edu.cn
guojiao.hnuahe.edu.cn
jwc.hnuahe.edu.cn
keyan.hnuahe.edu.cn
jwc.xlxy.edu.cn
fyzt.xlxy.edu.cn
xlxy.edu.cn
jdgcxy.zjtu.edu.cn
xsc.zjtu.edu.cn
jjjc.zjtu.edu.cn
bgs.zjtu.edu.cn
bwc.zjtu.edu.cn
rsc.zjtu.edu.cn
news.zjtu.edu.cn
yssjx.zjtu.edu.cn
zngcxy.zjtu.edu.cn
nic.zjtu.edu.cn
jcjxb.zjtu.edu.cn
smxpt.cn
zs.xcu.edu.cn
zynbg.xcu.edu.cn
xueshengchu.xcu.edu.cn
xy.xcu.edu.cn
xbbjb.zknu.edu.cn
zsjy.zknu.edu.cn
xkb.zknu.edu.cn
xsc.zknu.edu.cn
jfzx.zknu.edu.cn
zwx.zknu.edu.cn
wlfw.zknu.edu.cn
tiyuxi.zknu.edu.cn
smkxx.zknu.edu.cn
yinyuexi.zknu.edu.cn
glb.zknu.edu.cn
zyjn.zknu.edu.cn
zsjy.hnzj.edu.cn
xxgk.hnzj.edu.cn
hnzj.edu.cn
jycy.pzxy.edu.cn
mtjsxy.pzxy.edu.cn
jwc.zepc.edu.cn
pxgl.zepc.edu.cn
gjjyb.zepc.edu.cn
wlfw.zepc.edu.cn
xxtx.zepc.edu.cn
jjgl.zepc.edu.cn
sk.zepc.edu.cn
jw.pzxy.edu.cn
hc.hbzy.edu.cn
jj.hbzy.edu.cn
old.hamc.edu.cn
jswm.hamc.edu.cn
szjy.hamc.edu.cn
tw.hamc.edu.cn
tsg.hamc.edu.cn
ggjcb.hamc.edu.cn
zcglc.hamc.edu.cn
sjd.hamc.edu.cn
bwcx.whu.edu.cn
whu.edu.cn
fzghb.whu.edu.cn
nic.whu.edu.cn
hr.whu.edu.cn
hbucmaa.hbtcm.edu.cn
yjs.hbtcm.edu.cn
zs.hbtcm.edu.cn
zyygjhz.hbtcm.edu.cn
jwc.hbtcm.edu.cn
gh.hbtcm.edu.cn
xgc.hbtcm.edu.cn
ylc.hbtcm.edu.cn
cwc.hbtcm.edu.cn
xl.hbtcm.edu.cn
www.hbtcm.edu.cn
kxjsc.hbtcm.edu.cn
bwc.hbut.edu.cn
zz.hbtcm.edu.cn
qks.hbtcm.edu.cn
tsg.hbtcm.edu.cn
bwg.hzau.edu.cn
fao.hzau.edu.cn
xyh.hzau.edu.cn
xxgk.hbtcm.edu.cn
edf.whut.edu.cn
ehall.wtu.edu.cn
mail.wtu.edu.cn
news.wtu.edu.cn
wtu.edu.cn
www.wust.edu.cn
jwc.wust.edu.cn
rsc.wust.edu.cn
news.wust.edu.cn
bywh.wust.edu.cn
ysxy.wust.edu.cn
mail.wit.edu.cn
www.scuec.edu.cn
znzk.scuec.edu.cn
email.scuec.edu.cn
ssfw.scuec.edu.cn
portal.hbpu.edu.cn
webvpn.scuec.edu.cn
my.scuec.edu.cn
jyjs.zuel.edu.cn
xyh.hifa.edu.cn
xg.whcm.edu.cn
aco.whcm.edu.cn
myx.whcm.edu.cn
yyxx.whcm.edu.cn
hbmmuseum.whcm.edu.cn
en.wtc.edu.cn
news.wtc.edu.cn
lxyz.wtc.edu.cn
jwc.wtc.edu.cn
xcb.wtc.edu.cn
archieves.hbvtc.edu.cn
jxzlzd.hbvtc.edu.cn
zyjs.hbvtc.edu.cn
hbhl.hbvtc.edu.cn
mcrp.hbvtc.edu.cn
vsbclub.hbvtc.edu.cn
hq.whcvc.edu.cn
gh.whcvc.edu.cn
www.whcvc.edu.cn
jxdxy.whcvc.edu.cn
wqxy.whcvc.edu.cn
bw.whcvc.edu.cn
xqxy.whcvc.edu.cn
gjxy.whcvc.edu.cn
dxxy.whcvc.edu.cn
qcxy.whcvc.edu.cn
jgxy.whcvc.edu.cn
xxxy.wgxy.net
twzx.wgxy.net
xgb.wgxy.net
jmxy.wgxy.net
tw-qlw.wgxy.net
gjjx.wgxy.net
wyweb.hustwenhua.net
xinxi.hustwenhua.net
renwen.hustwenhua.net
kjc.hustwenhua.net
jwweb.hustwenhua.net
cj.hustwenhua.net
xww.hustwenhua.net
www.hustwenhua.net
whlib.hustwenhua.net
xxgk.hustwenhua.net
jwc.szvtc.cn
lzjz.szvtc.cn
szvtc.cn
zsc.szvtc.cn
xgc.szvtc.cn
zlb.whicu.com
news.whicu.com
oa.whicu.com
jyz.whicu.com
en.hnist.cn
kr.hnist.cn
jp.hnist.cn
zjc.hnist.cn
hnist.cn
ru.hnist.cn
lib.hnist.cn
nh.hnist.cn
jcc.hnist.cn
oiec.hunnu.edu.cn
rsc.hunnu.edu.cn
socialism.hunnu.edu.cn
io.hunnu.edu.cn
fuwu.hunnu.edu.cn
bs.csu.edu.cn
ccce.csu.edu.cn
cse.csu.edu.cn
soa.csu.edu.cn
sports.csu.edu.cn
csu.edu.cn
fkc.csu.edu.cn
dag.csu.edu.cn
csujwc.its.csu.edu.cn
hr.csu.edu.cn
ca.its.csu.edu.cn
czzx.csu.edu.cn
www.csu.edu.cn
mail.xnu.edu.cn
news.hunau.edu.cn
xyqczy.com
news.hnie.edu.cn
kyc.hnie.edu.cn
yjs.hnie.edu.cn
tsg.hnie.edu.cn
zygc.hnie.edu.cn
www.csust.edu.cn
dzb.xtu.edu.cn
lib.xtu.edu.cn
xxgk.xtu.edu.cn
www.hnrpc.com
hnxxc.com
jjjc.arthn.com
xgc.arthn.com
cwc.arthn.com
pxb.arthn.com
danzhao.arthn.com
www.hnflc.cn
news.hstc.edu.cn
gdgxsfsjn.hstc.edu.cn
sso.scnu.edu.cn
ssp.scnu.edu.cn
lib.gdufe.edu.cn
ss.gdufe.edu.cn
xxb.gdufe.edu.cn
ldsc.jnu.edu.cn
gs.jnu.edu.cn
news.gdufe.edu.cn
grs.gdou.edu.cn
cai.jnu.edu.cn
ztjy.jnu.edu.cn
cyxy.jnu.edu.cn
fzghc.gdou.edu.cn
www.gdou.edu.cn
tw.gdou.edu.cn
news.gdou.edu.cn
d.lingnan.edu.cn
xsc.lingnan.edu.cn
learning.jnu.edu.cn
ykt.lingnan.edu.cn
p.lingnan.edu.cn
rsc.gduf.edu.cn
gjjy.gduf.edu.cn
jxjy.gduf.edu.cn
cgzx.gduf.edu.cn
yjs.gdut.edu.cn
jxjyxy.gdut.edu.cn
cxcy.gdut.edu.cn
zsb.gdut.edu.cn
gdutddh.gdut.edu.cn
gcxq.dgut.edu.cn
cgzx.dgut.edu.cn
www.fosu.edu.cn
zsb.fosu.edu.cn
www.nuit.edu.cn
www.gcu.edu.cn
zsw.nuit.edu.cn
nc.gcu.edu.cn
jl.gcu.edu.cn
xxgk.gcu.edu.cn
xhcom.edu.cn
cgzx.xhcom.edu.cn
ehall.bnuz.edu.cn
lib.gzarts.edu.cn
www.gzarts.edu.cn
gaip.gzarts.edu.cn
jxjyxy.gdmu.edu.cn
zs.gdmu.edu.cn
yjsy.scau.edu.cn
english.scau.edu.cn
rprc.scau.edu.cn
fao.scau.edu.cn
lxyz.scau.edu.cn
sjzt.scau.edu.cn
mkszyxy.scau.edu.cn
sys.scau.edu.cn
npaac.scau.edu.cn
110.scau.edu.cn
xzpx.gdei.edu.cn
www-new.gwng.edu.cn
rsc.zhku.edu.cn
jxjy.zhku.edu.cn
jng.zhku.edu.cn
ztbbgs.zhku.edu.cn
yfzx.zhku.edu.cn
news.zhku.edu.cn
rs.gzpyp.edu.cn
jwc.gzpyp.edu.cn
zb.gzpyp.edu.cn
zs.gzpyp.edu.cn
iie.gdufs.edu.cn
rsc.gdufs.edu.cn
gwyjs.gdufs.edu.cn
ic.gdufs.edu.cn
jpkc.gdufs.edu.cn
lib.gdufs.edu.cn
jxjy.gdufs.edu.cn
cw.fspt.net
jw.fspt.net
xxgk.gdufs.edu.cn
gwpx.gdufs.edu.cn
dd.fspt.net
gh.fspt.net
jdx.fspt.net
zs.fspt.net
jy.fspt.net
cjx.fspt.net
jxjy.fspt.net
sjd.fspt.net
ehall.gdqy.edu.cn
ict.gdqy.edu.cn
cyxy.gdqy.edu.cn
hj.gdqy.edu.cn
sp.gdqy.edu.cn
yfzx.gdqy.edu.cn
ztjy.gdqy.edu.cn
xxgk.kdvtc-edu.cn
zs.gdpi.edu.cn
xgb.gdpi.edu.cn
yfzx.gdpi.edu.cn
zyq.gdpi.edu.cn
xqb.gdfs.edu.cn
tu.gdfs.edu.cn
jwc.gdfs.edu.cn
zjjt.gdfs.edu.cn
yfzx.gdfs.edu.cn
jxjy.gdfs.edu.cn
xxgk.gdfs.edu.cn
sfxys.gdfs.edu.cn
english.gzccc.edu.cn
jsfzzx.gzccc.edu.cn
szhxxpt.gzccc.edu.cn
sxbagz.gzccc.edu.cn
cxqx2020.gzccc.edu.cn
xxgk.wyu.edu.cn
jianli.yjbys.com
www.yjbys.com
yjbys.com
news.gxu.edu.cn
www.gxu.edu.cn
jpkc.jmpt.cn
gdyvc.cn
kj.hcnu.edu.cn
tw.hcnu.edu.cn
www.bsuc.cn
departs.glut.edu.cn
cjy.glut.edu.cn
mpacc.glut.edu.cn
xyzh.glut.edu.cn
yjsy.glut.edu.cn
xxgk.gxnu.edu.cn
english.gxnu.edu.cn
www.lzzy.net
hr.gxnu.edu.cn
lzzy.net
www.hncst.edu.cn
zs.hncst.edu.cn
ehall.hncst.edu.cn
jwc.cqmu.edu.cn
gs.cqmu.edu.cn
rsc.cqmu.edu.cn
bzkzs.cqmu.edu.cn
news.cqmu.edu.cn
yjsy.cqmu.edu.cn
yjszs.cqmu.edu.cn
mail.cqu.edu.cn
mail.swu.edu.cn
international.cqnu.edu.cn
news.cqnu.edu.cn
cqcam.cqnu.edu.cn
vetc.cqnu.edu.cn
cscz.cqnu.edu.cn
xxgk.cqnu.edu.cn
pco.swupl.edu.cn
jhc.swupl.edu.cn
english.swupl.edu.cn
mail.cqut.edu.cn
gzc.swupl.edu.cn
news.swupl.edu.cn
xxgk.swupl.edu.cn
zs.cqut.edu.cn
jwc.cqut.edu.cn
cqut.edu.cn
bwcxljsm.cqut.edu.cn
clcz.cqut.edu.cn
www.scfai.edu.cn
en2014.ctbu.edu.cn
grs2014.ctbu.edu.cn
cjy.ctbu.edu.cn
jxpg.ctbu.edu.cn
lib.ctbu.edu.cn
mail.ctbu.edu.cn
emc2014.ctbu.edu.cn
lib.cqjtu.edu.cn
gis.cqjtu.edu.cn
cqcet.edu.cn
www.cqcet.edu.cn
oradp.cqcet.edu.cn
scr.cqtbi.edu.cn
cqcfe.com
dzxx.cqcfe.com
jckb.whpa.cn
sfgl.whpa.cn
sfzc.whpa.cn
xxgc.whpa.cn
www.cqvist.net
yz.uestc.edu.cn
vi.uestc.edu.cn
lib.swpu.edu.cn
job.cwnu.edu.cn
xyzh.cwnu.edu.cn
defa.cwnu.edu.cn
news.cwnu.edu.cn
www.cqvie.edu.cn
ghc.sicau.edu.cn
zs.sicau.edu.cn
op.sicau.edu.cn
nfy.sicau.edu.cn
fxy.sicau.edu.cn
yscm.sicau.edu.cn
dky.sicau.edu.cn
dyy.sicau.edu.cn
maize.sicau.edu.cn
iea.sicau.edu.cn
zyxy.sicau.edu.cn
yfsy.sicau.edu.cn
iref.sicau.edu.cn
yys.sicau.edu.cn
yls.sicau.edu.cn
yan.sicau.edu.cn
kjc.sicau.edu.cn
rsc.sicau.edu.cn
ltx.sicau.edu.cn
news.sicau.edu.cn
mail.sicnu.edu.cn
lib.sccm.cn
ky.cdu.edu.cn
news.cdu.edu.cn
jwc.scun.edu.cn
xb.scun.edu.cn
jfpt.scun.edu.cn
news.scun.edu.cn
zt.scun.edu.cn
lxyh.scun.edu.cn
dxg.scun.edu.cn
home.swjtu.edu.cn
bidding.swjtu.edu.cn
zhx.tfswufe.edu.cn
mtc.tfswufe.edu.cn
cce.tfswufe.edu.cn
tech.tfswufe.edu.cn
cxcy.tfswufe.edu.cn
tfswufe.edu.cn
cdut.edu.cn
rsc.cdut.edu.cn
images.cdut.edu.cn
xb.cdtu.edu.cn
ddh.cdut.edu.cn
news.cdut.edu.cn
rsc.cdtu.edu.cn
dwxcb.cdtu.edu.cn
jwjcsj.cdtu.edu.cn
sklg.cdut.edu.cn
xgb.cdtu.edu.cn
bwc.cdtu.edu.cn
cdtujwc.cdtu.edu.cn
zgc.cdtu.edu.cn
ice.cdtu.edu.cn
sjc.cdtu.edu.cn
ltc.cdtu.edu.cn
infocenter.cdtu.edu.cn
hqfw.cdtu.edu.cn
automobile.cdtu.edu.cn
jdx.cdtu.edu.cn
computer.cdtu.edu.cn
ict.cdtu.edu.cn
xxjs.cdtu.edu.cn
tyx.cdtu.edu.cn
xsccy.cdtu.edu.cn
sxzx.cdtu.edu.cn
zjc.cdtu.edu.cn
zs.cdtu.edu.cn
xwgk.cdtu.edu.cn
kjc.cdtu.edu.cn
skl.cdtu.edu.cn
paper.cdtu.edu.cn
wsb.cdtu.edu.cn
yb.cdtu.edu.cn
zxzz.cdtu.edu.cn
lib.cdtu.edu.cn
zk.cdtu.edu.cn
authserver.scpolicec.edu.cn
www.cdtu.edu.cn
en.cdtc.edu.cn
www.cdtc.edu.cn
tyb.cdtc.edu.cn
jpkc.cisisu.edu.cn
zhuanti.cuit.edu.cn
gis.swun.edu.cn
dwzzbrsc.yazjy.com
xtb.yazjy.com
hqc.yazjy.com
zykf.yazjy.com
yxx.yazjy.com
yxb.yazjy.com
xy.gznu.edu.cn
e.gznu.edu.cn
lxyz.gznu.edu.cn
xb.gznu.edu.cn
jxjyxy.gznu.edu.cn
old.gznu.edu.cn
mis.gznu.edu.cn
mlb.gznc.edu.cn
dili.gznc.edu.cn
jiaoguanxi.gznc.edu.cn
mcs.gznc.edu.cn
yingxin.gznc.edu.cn
sheji.gznc.edu.cn
xljk.gznc.edu.cn
biye.gznc.edu.cn
ddh.gznc.edu.cn
www.git.edu.cn
jobs.ynu.edu.cn
zjxy.ynau.edu.cn
cmmc.ynau.edu.cn
lib.ynau.edu.cn
new.ynau.edu.cn
bwcx.ynau.edu.cn
sdkm.ynau.edu.cn
19th.ynnu.edu.cn
jcc.ynnu.edu.cn
xnldjt.ynnu.edu.cn
ynjgy.com
page.qjnu.edu.cn
xuebao.qjnu.edu.cn
bwcx.ynart.edu.cn
international.ynart.edu.cn
kmac.org.cn
rw.ynenc.cn
xygg.nwpu.edu.cn
fpzt.nwpu.edu.cn
fazhan.nwpu.edu.cn
guoji.nwpu.edu.cn
jiaowu.nwpu.edu.cn
yzb.nwpu.edu.cn
news.nwpu.edu.cn
news.xidian.edu.cn
notice.xidian.edu.cn
gr.xidian.edu.cn
www.xidian.edu.cn
jxjyxy.xust.edu.cn
rsc.xust.edu.cn
nic.xust.edu.cn
lib.xust.edu.cn
nic.nwsuaf.edu.cn
cszx.nwsuaf.edu.cn
nbcic.nwsuaf.edu.cn
is.nwsuaf.edu.cn
cjxy.nwsuaf.edu.cn
nwsuaf.edu.cn
en.chd.edu.cn
dag.chd.edu.cn
hqc.chd.edu.cn
en.sust.edu.cn
news.chd.edu.cn
jx.sust.edu.cn
wz.sust.edu.cn
www.sust.edu.cn
old.sust.edu.cn
fpzt.sust.edu.cn
yjszs.sust.edu.cn
xy.sust.edu.cn
oice.sust.edu.cn
bw.sust.edu.cn
jgly.sust.edu.cn
jxjyxy.yau.edu.cn
xyzh.yau.edu.cn
dwxcb.yau.edu.cn
jwc.yau.edu.cn
zdgbxy.yau.edu.cn
nic.xjtu.edu.cn
gis.xjtu.edu.cn
webmail.xjtu.edu.cn
en.xpu.edu.cn
m.xjtu.edu.cn
gr.xjtu.edu.cn
lib.xpu.edu.cn
zhuanti.xpu.edu.cn
news.xpu.edu.cn
18ztw.xpu.edu.cn
xyb.xisu.edu.cn
de.xisu.edu.cn
www.xpu.edu.cn
fr.xisu.edu.cn
xicis.xisu.edu.cn
zhaosheng.xisu.edu.cn
tdsip.xisu.edu.cn
tuanwei.xisu.edu.cn
xczx.xisu.edu.cn
icgpo.xisu.edu.cn
ddh2.xisu.edu.cn
xuebao.snut.edu.cn
archives.snnu.edu.cn
ehall.snut.edu.cn
newyjs.snnu.edu.cn
jsjy.snnu.edu.cn
211.snnu.edu.cn
zsb.snnu.edu.cn
ctpad.snnu.edu.cn
yxzx.snnu.edu.cn
rsc.snnu.edu.cn
ef-al.snnu.edu.cn
nic.snnu.edu.cn
www.snnu.edu.cn
kjc.snnu.edu.cn
kzxy.snnu.edu.cn
zzzx.snnu.edu.cn
fupin.snnu.edu.cn
bwcx.snnu.edu.cn
zyxy.nwu.edu.cn
gj.nwu.edu.cn
rsc.nwu.edu.cn
sie.nwu.edu.cn
sccl.nwu.edu.cn
jwc.nwu.edu.cn
zcc.nwu.edu.cn
xxgk.nwu.edu.cn
bwcx.nwu.edu.cn
i.nwu.edu.cn
oa.nwu.edu.cn
yjsxt.nwu.edu.cn
ghc.nwu.edu.cn
yjs.nwu.edu.cn
sdsf.nwu.edu.cn
zhengban.nwu.edu.cn
xyk.nwu.edu.cn
jiaowu.xaufe.edu.cn
news.nwu.edu.cn
guojiao.xaufe.edu.cn
yanjiusheng.xaufe.edu.cn
lxyz.nwu.edu.cn
hzfz.xaufe.edu.cn
js.xaufe.edu.cn
oa.xaufe.edu.cn
ecard.xaufe.edu.cn
z.xaufe.edu.cn
marxism.xaufe.edu.cn
jxjy.xaufe.edu.cn
cwcx.xaufe.edu.cn
houqin.xaufe.edu.cn
sczl.xaufe.edu.cn
ietc.xaufe.edu.cn
jwgl.xaufe.edu.cn
yx.xaufe.edu.cn
sxy.csiic.com
yxy.csiic.com
zbxy.csiic.com
gjjyxy.csiic.com
fzxy.csiic.com
ggkb.csiic.com
kjcx.csiic.com
sgjpxxy.csiic.com
office.xdxd.cn
sfjdzx.nwupl.edu.cn
flkx.nwupl.edu.cn
nwupl.edu.cn
gonghui.nwupl.edu.cn
bwc.nwupl.edu.cn
kyc.nwupl.edu.cn
rsc.nwupl.edu.cn
www.nwupl.edu.cn
zfxg.nwupl.edu.cn
art.nwupl.edu.cn
xsc.sxri.net
hqc.sxri.net
gtxy.sxri.net
ysxy.sxri.net
glxy.sxri.net
zbxy.sxri.net
gjjl.sxri.net
xmb.sxri.net
szjyb.sxri.net
jxjyb.sxri.net
dzgc.xzyedu.com.cn
jy.xzyedu.com.cn
swgc.xzyedu.com.cn
szb.xzyedu.com.cn
xqsf.xzyedu.com.cn
xcb.xzyedu.com.cn
jxjy.xzyedu.com.cn
rsc.xzyedu.com.cn
ldxy.edu.cn
new.ldxy.edu.cn
xcb.ldxy.edu.cn
nlxy.ldxy.edu.cn
jwc.hxu.edu.cn
zsw.hxu.edu.cn
ysgzz.hxu.edu.cn
jiuye.hxu.edu.cn
yuanban.hxu.edu.cn
lzit.edu.cn
dangg.hxu.edu.cn
jwc.lzit.edu.cn
xyw.lzit.edu.cn
www.luas.edu.cn
smxy.luas.edu.cn
dxxy.luas.edu.cn
hgxy.luas.edu.cn
zjc.luas.edu.cn
jy.luas.edu.cn
kjc.luas.edu.cn
mail.luas.edu.cn
xxgk.luas.edu.cn
gjjl.luas.edu.cn
xcb.luas.edu.cn
www.gsysyj.org
qxx.lzre.edu.cn
tsg.lzre.edu.cn
jwc.qhnu.edu.cn
lib.qhnu.edu.cn
dag.qhnu.edu.cn
hqgl.qhnu.edu.cn
graduate.nxu.edu.cn
xxgc.nxu.edu.cn
zs.nxu.edu.cn
jwgl.nxu.edu.cn
jc.qhnu.edu.cn
news.nxu.edu.cn
sie.nxu.edu.cn
cjxy.nxu.edu.cn
nddj.nxu.edu.cn
dzbgs.nxtc.edu.cn
yssjxy.nxtc.edu.cn
baowei.nxtc.edu.cn
fzghb.nxtc.edu.cn
library.nxtc.edu.cn
xjzx.nxtc.edu.cn
vpn.qhu.edu.cn
mh.qhu.edu.cn
e.weibo.com
xsc.nxcy.edu.cn
zjc.nxcy.edu.cn
jwc.nxcy.edu.cn
bwc.nxcy.edu.cn
xzx.nxcy.edu.cn
jrx.nxcy.edu.cn
xxzx.nxcy.edu.cn
myb.nxcy.edu.cn
gh.nxcy.edu.cn
welcome.lvu.edu.cn
qc.lvu.edu.cn
jd.lvu.edu.cn
dxgc.lvu.edu.cn
sz.lvu.edu.cn
www.bidcenter.com.cn
shuju.bidcenter.com.cn#sjdb
zone.bidcenter.com.cn
fenlei.bidcenter.com.cn
www.nbtvu.net.cn
www.jsjy.ah.cn
bm.ahtvu.ah.cn
ky.ahtvu.ah.cn
aerc.ahtvu.ah.cn
ehall.open.ha.cn
lib.fjrtvu.edu.cn
d19.fjrtvu.edu.cn
jxjy.fjrtvu.edu.cn
kw.fjrtvu.edu.cn
dzb.fjrtvu.edu.cn
dgb.fjrtvu.edu.cn
df.fjrtvu.edu.cn
yjxy.fjrtvu.edu.cn
cwc.fjrtvu.edu.cn
lgxy.fjrtvu.edu.cn
pxxynew.fjrtvu.edu.cn
rsc.fjrtvu.edu.cn
zc.fjrtvu.edu.cn
jjjc.szrtvu.com.cn
mail.gdrtvu.edu.cn
www2.whtvu.com.cn
www.scrtvu.net
xk.scrtvu.net
weike.scrtvu.net
zsxy3.scrtvu.net
jyxy.scrtvu.net
nlws.scrtvu.net
gcjsxy.scrtvu.net
scjygb.scrtvu.net
jwc.scrtvu.net
myst.scrtvu.net
kaoshi.scrtvu.net
gadd.scrtvu.net
mail.gsrtvu.cn
xinwen.wh.sdu.edu.cn
adult.wh.sdu.edu.cn
alumni.wh.sdu.edu.cn
rsc.wh.sdu.edu.cn
job.wh.sdu.edu.cn
youth.wh.sdu.edu.cn
www.xjnu.edu.cn
www.xjart.edu.cn
fz.xjart.edu.cn
cjy.xjart.edu.cn
xbbjb.xjart.edu.cn
zsjy.xjart.edu.cn
wmxy.xjart.edu.cn
wgzx.xjart.edu.cn
kyc.med.stu.edu.cn
www.moe.gov.cn
ru.moe.gov.cn
jp.moe.gov.cn
glutnn.cn
ar.moe.gov.cn
zwfw.moe.gov.cn
it.51sole.com
finery.51sole.com
gift.51sole.com
energy.51sole.com
farming.51sole.com
bm.51sole.com
sport.51sole.com
feedback.51sole.com
light.51sole.com
chem.51sole.com
wj.51sole.com
bangong.51sole.com
paper.51sole.com
printing.51sole.com
jiagong.51sole.com
anfangwang.51sole.com
sw.51sole.com
jiaozhantuzhuang.51sole.com
ec.51sole.com
huanbao.51sole.com
instrument.51sole.com
pindaoye.51sole.com
inventory.51sole.com
jiancai.51sole.com
dianqikongzhi.51sole.com
zhubaoshoushi.51sole.com
gongyipin.51sole.com
bengfa.51sole.com
d.51sole.com
shipinyinliao.51sole.com
baozhuangcailiao.51sole.com
e.51sole.com
zhuanghuang.51sole.com
jichuang.51sole.com
zhaoming.51sole.com
haerbin.51sole.com
jiadian.51sole.com
yangzhi.51sole.com
changchun.51sole.com
yiliaohaocai.51sole.com
beijing.51sole.com
miaomu.51sole.com
hefei.51sole.com
shuma.51sole.com
nanjing.51sole.com
dalian.51sole.com
fushi.51sole.com
shenyang.51sole.com
changzhou.51sole.com
suzhou.51sole.com
guangzhou.51sole.com
zhengzhou.51sole.com
shenzhen.51sole.com
luoyang.51sole.com
xuzhou.51sole.com
zhuhai.51sole.com
haikou.51sole.com
wuxi1.51sole.com
wuhan.51sole.com
hbessm.51sole.com
foshan.51sole.com
huamei01.51sole.com
633045.51sole.com
xian.51sole.com
hannixiangsu.51sole.com
yiheng888.51sole.com
wadznkj.51sole.com
517676.51sole.com
ud15yzn1.51sole.com
gong6ibents1.51sole.com
a13676407692.51sole.com
adorfe.51sole.com
abbele21.51sole.com
ctbapai.51sole.com
hkjum555359.51sole.com
lanshen1992.51sole.com
xnws2r7a4.51sole.com
czjcc88.51sole.com
changmao88.51sole.com
liujin88.51sole.com
lanshen1958.51sole.com
121085.51sole.com
hkjum755381.51sole.com
lvdanban188.51sole.com
hkjum1311667.51sole.com
hkjum160117.51sole.com
hkjum372974.51sole.com
baolienv.51sole.com
1871511.51sole.com
gc32273.51sole.com
hnjnjx.51sole.com
hkjum964183.51sole.com
csxh3be.51sole.com
hongdifanghua.51sole.com
hkjum1163178.51sole.com
a13671336676.51sole.com
hkjum374752.51sole.com
langfangkeji.51sole.com
chenqiping.51sole.com
jianxiangguoji.51sole.com
xsjedu.org
reg.51sole.com
hkjum787327.51sole.com
hkjum234387.51sole.com
szcsw002.51sole.com
jiazesys.51sole.com
dyruiyuan.51sole.com
sh.xsjedu.org
51sole1516538.51sole.com
hkjum167331.51sole.com
192866.51sole.com
hkjum283844.51sole.com
lqrlzj.51sole.com
dnr2020.51sole.com
51sole1542939.51sole.com
51sole1651818.51sole.com
rb.xsjedu.org
51sole1497342.51sole.com
51sole919052.51sole.com
www.ghcis.com
ghcis.com
bbs.yoka.com
www.bjrwdx.com
bjrwdx.com
tujia.com
scfsxy.com
u.uggd.com
v.uggd.com
www.kuaiji.com
www.pxto.com.cn
staticcss4.jobui.com
zjncet.com
xxgk.zjcm.edu.cn
jsjy.zjcm.edu.cn
mail.nudt.edu.cn
library.nudt.edu.cn
dlzhzz.com
dlfuhai.com
xinwohua.china.b2b.cn
biz.b2b.cn
lib.tmmu.edu.cn
zsedu.net
www.bnu.edu.cn
yzb.nankai.edu.cn
www.tyust.edu.cn
gd.dlufl.edu.cn
gzc.stdu.edu.cn
www.jlu.edu.cn
fz.sicfl.edu.cn
xsc.ahpu.edu.cn
jgx.chzu.edu.cn
jsfz.hfpec.edu.cn
sepe.ujs.edu.cn
sai.ahpu.edu.cn
zs.zimc.cn
